[2017-01-02 19:22:19][DEBUG] Started app
[2017-01-02 19:22:19][DEBUG] adding a new I/O source
[2017-01-02 19:22:19][DEBUG] consuming notification queue
[2017-01-02 19:22:19][DEBUG] scheduling direction for: 0
[2017-01-02 19:22:42][DEBUG] adding a new I/O source
[2017-01-02 19:22:42][DEBUG] consuming notification queue
[2017-01-02 19:22:42][DEBUG] scheduling direction for: 0
[2017-01-02 19:22:55][TRACE] Started app
[2017-01-02 19:22:55][TRACE] registering with poller
[2017-01-02 19:22:55][DEBUG] adding a new I/O source
[2017-01-02 19:22:55][TRACE] registering with poller
[2017-01-02 19:22:55][DEBUG] consuming notification queue
[2017-01-02 19:22:55][DEBUG] scheduling direction for: 0
[2017-01-02 19:23:22][INFO] Started app
[2017-01-02 19:23:22][DEBUG] adding a new I/O source
[2017-01-02 19:23:22][DEBUG] consuming notification queue
[2017-01-02 19:23:22][DEBUG] scheduling direction for: 0
[2017-01-02 19:23:29][DEBUG] loop poll - Duration { secs: 7, nanos: 265494566 }
[2017-01-02 19:23:29][DEBUG] loop time - Instant { tv_sec: 24569, tv_nsec: 17548524 }
[2017-01-02 19:23:29][DEBUG] notifying a task handle
[2017-01-02 19:23:29][DEBUG] loop process - 1 events, Duration { secs: 0, nanos: 296066 }
[2017-01-02 19:23:29][DEBUG] loop poll - Duration { secs: 0, nanos: 22645 }
[2017-01-02 19:23:29][DEBUG] loop time - Instant { tv_sec: 24569, tv_nsec: 17940468 }
[2017-01-02 19:23:29][DEBUG] loop process - 1 events, Duration { secs: 0, nanos: 132745 }
[2017-01-02 19:23:29][DEBUG] consuming notification queue
[2017-01-02 19:23:29][DEBUG] adding a new I/O source
[2017-01-02 19:23:29][DEBUG] consuming notification queue
[2017-01-02 19:23:29][DEBUG] scheduling direction for: 0
[2017-01-02 19:23:29][DEBUG] loop poll - Duration { secs: 0, nanos: 33260 }
[2017-01-02 19:23:29][DEBUG] loop time - Instant { tv_sec: 24569, tv_nsec: 18581004 }
[2017-01-02 19:23:29][DEBUG] consuming notification queue
[2017-01-02 19:23:29][DEBUG] scheduling direction for: 1
[2017-01-02 19:23:29][DEBUG] write in body done
[2017-01-02 19:23:29][DEBUG] loop process - 3 events, Duration { secs: 0, nanos: 452635 }
[2017-01-02 19:23:29][DEBUG] loop poll - Duration { secs: 0, nanos: 10015 }
[2017-01-02 19:23:29][DEBUG] loop time - Instant { tv_sec: 24569, tv_nsec: 19103432 }
[2017-01-02 19:23:29][DEBUG] loop process - 0 events, Duration { secs: 0, nanos: 191315 }
[2017-01-02 19:23:37][DEBUG] loop poll - Duration { secs: 7, nanos: 876976369 }
[2017-01-02 19:23:37][DEBUG] loop time - Instant { tv_sec: 24576, tv_nsec: 896370544 }
[2017-01-02 19:23:37][DEBUG] notifying a task handle
[2017-01-02 19:23:37][DEBUG] loop process - 1 events, Duration { secs: 0, nanos: 365378 }
[2017-01-02 19:23:37][DEBUG] loop poll - Duration { secs: 0, nanos: 18035 }
[2017-01-02 19:23:37][DEBUG] loop time - Instant { tv_sec: 24576, tv_nsec: 896828523 }
[2017-01-02 19:23:37][DEBUG] consuming notification queue
[2017-01-02 19:23:37][DEBUG] scheduling direction for: 1
[2017-01-02 19:23:37][DEBUG] consuming notification queue
[2017-01-02 19:23:37][DEBUG] scheduling direction for: 1
[2017-01-02 19:23:37][DEBUG] write in body done
[2017-01-02 19:23:37][DEBUG] write in body done
[2017-01-02 19:23:37][DEBUG] loop process - 1 events, Duration { secs: 0, nanos: 704222 }
[2017-01-02 19:23:37][DEBUG] loop poll - Duration { secs: 0, nanos: 12332 }
[2017-01-02 19:23:37][DEBUG] loop time - Instant { tv_sec: 24576, tv_nsec: 897606097 }
[2017-01-02 19:23:37][DEBUG] loop process - 0 events, Duration { secs: 0, nanos: 102666 }
[2017-01-02 19:23:38][DEBUG] loop poll - Duration { secs: 1, nanos: 171504964 }
[2017-01-02 19:23:38][DEBUG] loop time - Instant { tv_sec: 24578, tv_nsec: 69262418 }
[2017-01-02 19:23:38][DEBUG] notifying a task handle
[2017-01-02 19:23:38][DEBUG] loop process - 1 events, Duration { secs: 0, nanos: 375621 }
[2017-01-02 19:23:38][DEBUG] loop poll - Duration { secs: 0, nanos: 17343 }
[2017-01-02 19:23:38][DEBUG] loop time - Instant { tv_sec: 24578, tv_nsec: 69737026 }
[2017-01-02 19:23:38][DEBUG] write in body done
[2017-01-02 19:23:38][DEBUG] loop process - 1 events, Duration { secs: 0, nanos: 376715 }
[2017-01-02 19:23:38][DEBUG] loop poll - Duration { secs: 0, nanos: 15305 }
[2017-01-02 19:23:38][DEBUG] loop time - Instant { tv_sec: 24578, tv_nsec: 70217728 }
[2017-01-02 19:23:38][DEBUG] consuming notification queue
[2017-01-02 19:23:38][DEBUG] dropping I/O source: 1
[2017-01-02 19:23:38][DEBUG] loop process - 1 events, Duration { secs: 0, nanos: 273942 }
